<?xml version="1.0" encoding="UTF-8"?>
<!-- Generated by org.testng.reporters.JUnitReportReporter -->
<testsuite skipped="0" hostname="Santhosh" name="testCases.TestPendingLeaveRequest" tests="1" failures="0" timestamp="07 Jan 2024 12:39:18 GMT" time="4.045" errors="0">
  <testcase name="verifyPendingLeaveRequest" time="4.045" classname="testCases.TestPendingLeaveRequest"/>
</testsuite> <!-- testCases.TestPendingLeaveRequest -->
